--------------------------------------------------------------------------------
Release 9.1i Trace 
Copyright (c) 1995-2007 Xilinx, Inc.  All rights reserved.

C:\Xilinx91i\bin\nt\trce.exe -ise C:/newnewcpu/newnewcpu.ise -intstyle ise -e 3
-s 4 -xml cpu cpu.ncd -o cpu.twr cpu.pcf -ucf cpu.ucf

Design file:              cpu.ncd
Physical constraint file: cpu.pcf
Device,package,speed:     xc3s500e,pq208,-4 (PRODUCTION 1.26 2006-10-19)
Report level:             error report

Environment Variable      Effect 
--------------------      ------ 
NONE                      No environment variables were set
--------------------------------------------------------------------------------

INFO:Timing:2698 - No timing constraints found, doing default enumeration.
INFO:Timing:2752 - To get complete path coverage, use the unconstrained paths 
   option. All paths that are not constrained will be reported in the 
   unconstrained paths section(s) of the report.
INFO:Timing:3339 - The clock-to-out numbers in this timing report are based on 
   a 50 Ohm transmission line loading model.  For the details of this model, 
   and for more information on accounting for different loading conditions, 
   please see the device datasheet.



Data Sheet report:
-----------------
All values displayed in nanoseconds (ns)

Clock clk to Pad
------------+------------+------------------+--------+
            | clk (edge) |                  | Clock  |
Destination |   to PAD   |Internal Clock(s) | Phase  |
------------+------------+------------------+--------+
abus<0>     |   13.353(R)|clk_BUFGP         |   0.000|
            |   13.468(F)|clk_BUFGP         |   0.000|
abus<1>     |   13.336(R)|clk_BUFGP         |   0.000|
            |   15.510(F)|clk_BUFGP         |   0.000|
abus<2>     |   13.062(R)|clk_BUFGP         |   0.000|
            |   16.283(F)|clk_BUFGP         |   0.000|
abus<3>     |   12.509(R)|clk_BUFGP         |   0.000|
            |   16.878(F)|clk_BUFGP         |   0.000|
abus<4>     |   12.794(R)|clk_BUFGP         |   0.000|
            |   15.944(F)|clk_BUFGP         |   0.000|
abus<5>     |   12.260(R)|clk_BUFGP         |   0.000|
            |   16.853(F)|clk_BUFGP         |   0.000|
abus<6>     |   12.808(R)|clk_BUFGP         |   0.000|
            |   16.942(F)|clk_BUFGP         |   0.000|
abus<7>     |   13.283(R)|clk_BUFGP         |   0.000|
            |   16.429(F)|clk_BUFGP         |   0.000|
abus<8>     |   13.283(R)|clk_BUFGP         |   0.000|
            |   11.910(F)|clk_BUFGP         |   0.000|
abus<9>     |   13.096(R)|clk_BUFGP         |   0.000|
            |   12.445(F)|clk_BUFGP         |   0.000|
abus<10>    |   13.309(R)|clk_BUFGP         |   0.000|
            |   11.857(F)|clk_BUFGP         |   0.000|
abus<11>    |   13.597(R)|clk_BUFGP         |   0.000|
            |   11.275(F)|clk_BUFGP         |   0.000|
abus<12>    |   13.815(R)|clk_BUFGP         |   0.000|
            |   11.263(F)|clk_BUFGP         |   0.000|
abus<13>    |   14.063(R)|clk_BUFGP         |   0.000|
            |   10.384(F)|clk_BUFGP         |   0.000|
abus<14>    |   13.541(R)|clk_BUFGP         |   0.000|
            |   10.674(F)|clk_BUFGP         |   0.000|
abus<15>    |   13.533(R)|clk_BUFGP         |   0.000|
            |   12.335(F)|clk_BUFGP         |   0.000|
abusout<0>  |   13.601(R)|clk_BUFGP         |   0.000|
            |   15.501(F)|clk_BUFGP         |   0.000|
abusout<1>  |   14.711(R)|clk_BUFGP         |   0.000|
            |   17.012(F)|clk_BUFGP         |   0.000|
abusout<2>  |   13.858(R)|clk_BUFGP         |   0.000|
            |   16.850(F)|clk_BUFGP         |   0.000|
abusout<3>  |   14.990(R)|clk_BUFGP         |   0.000|
            |   17.728(F)|clk_BUFGP         |   0.000|
abusout<4>  |   16.471(R)|clk_BUFGP         |   0.000|
            |   16.911(F)|clk_BUFGP         |   0.000|
abusout<5>  |   12.878(R)|clk_BUFGP         |   0.000|
            |   17.598(F)|clk_BUFGP         |   0.000|
abusout<6>  |   13.137(R)|clk_BUFGP         |   0.000|
            |   17.462(F)|clk_BUFGP         |   0.000|
abusout<7>  |   13.319(R)|clk_BUFGP         |   0.000|
            |   17.370(F)|clk_BUFGP         |   0.000|
abusout<8>  |   12.992(R)|clk_BUFGP         |   0.000|
            |   11.848(F)|clk_BUFGP         |   0.000|
abusout<9>  |   13.238(R)|clk_BUFGP         |   0.000|
            |   11.711(F)|clk_BUFGP         |   0.000|
abusout<10> |   12.984(R)|clk_BUFGP         |   0.000|
            |   11.411(F)|clk_BUFGP         |   0.000|
abusout<11> |   15.659(R)|clk_BUFGP         |   0.000|
            |   11.810(F)|clk_BUFGP         |   0.000|
abusout<12> |   15.913(R)|clk_BUFGP         |   0.000|
            |   11.292(F)|clk_BUFGP         |   0.000|
abusout<13> |   15.952(R)|clk_BUFGP         |   0.000|
            |   11.065(F)|clk_BUFGP         |   0.000|
abusout<14> |   16.191(R)|clk_BUFGP         |   0.000|
            |   11.331(F)|clk_BUFGP         |   0.000|
abusout<15> |   13.374(R)|clk_BUFGP         |   0.000|
            |   11.868(F)|clk_BUFGP         |   0.000|
dbus<0>     |   11.718(R)|clk_BUFGP         |   0.000|
dbus<1>     |   12.308(R)|clk_BUFGP         |   0.000|
dbus<2>     |   12.259(R)|clk_BUFGP         |   0.000|
dbus<3>     |   12.320(R)|clk_BUFGP         |   0.000|
dbus<4>     |   12.558(R)|clk_BUFGP         |   0.000|
dbus<5>     |   12.603(R)|clk_BUFGP         |   0.000|
dbus<6>     |   12.850(R)|clk_BUFGP         |   0.000|
dbus<7>     |   12.624(R)|clk_BUFGP         |   0.000|
dbus<8>     |   11.805(R)|clk_BUFGP         |   0.000|
dbus<9>     |   12.122(R)|clk_BUFGP         |   0.000|
dbus<10>    |   11.568(R)|clk_BUFGP         |   0.000|
dbus<11>    |   12.097(R)|clk_BUFGP         |   0.000|
dbus<12>    |   12.628(R)|clk_BUFGP         |   0.000|
dbus<13>    |   12.367(R)|clk_BUFGP         |   0.000|
dbus<14>    |   12.879(R)|clk_BUFGP         |   0.000|
dbus<15>    |   12.615(R)|clk_BUFGP         |   0.000|
irout<0>    |    9.169(F)|clk_BUFGP         |   0.000|
irout<1>    |   11.229(F)|clk_BUFGP         |   0.000|
irout<2>    |    9.421(F)|clk_BUFGP         |   0.000|
irout<3>    |    9.089(F)|clk_BUFGP         |   0.000|
irout<4>    |    8.534(F)|clk_BUFGP         |   0.000|
irout<5>    |    8.832(F)|clk_BUFGP         |   0.000|
irout<6>    |    8.289(F)|clk_BUFGP         |   0.000|
irout<7>    |    8.958(F)|clk_BUFGP         |   0.000|
irout<8>    |    8.354(F)|clk_BUFGP         |   0.000|
irout<9>    |    8.419(F)|clk_BUFGP         |   0.000|
irout<10>   |    8.903(F)|clk_BUFGP         |   0.000|
irout<11>   |    8.581(F)|clk_BUFGP         |   0.000|
irout<12>   |    8.594(F)|clk_BUFGP         |   0.000|
irout<13>   |    8.789(F)|clk_BUFGP         |   0.000|
irout<14>   |    9.152(F)|clk_BUFGP         |   0.000|
irout<15>   |    8.800(F)|clk_BUFGP         |   0.000|
nble        |   14.048(R)|clk_BUFGP         |   0.000|
nbleout     |   12.529(R)|clk_BUFGP         |   0.000|
nmreq       |   11.919(R)|clk_BUFGP         |   0.000|
nmreqout    |   14.212(R)|clk_BUFGP         |   0.000|
nrd         |   12.828(R)|clk_BUFGP         |   0.000|
nrdout      |   13.754(R)|clk_BUFGP         |   0.000|
nwr         |   12.612(R)|clk_BUFGP         |   0.000|
nwrout      |   12.349(R)|clk_BUFGP         |   0.000|
ttout<0>    |    9.579(R)|clk_BUFGP         |   0.000|
ttout<1>    |    8.799(R)|clk_BUFGP         |   0.000|
ttout<2>    |    8.532(R)|clk_BUFGP         |   0.000|
ttout<3>    |   10.602(R)|clk_BUFGP         |   0.000|
ttout<4>    |    9.996(R)|clk_BUFGP         |   0.000|
------------+------------+------------------+--------+

Clock rst to Pad
------------+------------+--------------------+--------+
            | clk (edge) |                    | Clock  |
Destination |   to PAD   |Internal Clock(s)   | Phase  |
------------+------------+--------------------+--------+
abus<0>     |   24.122(F)|u2/Mtrien_ir_not0001|   0.000|
abus<1>     |   25.671(F)|u2/Mtrien_ir_not0001|   0.000|
abus<2>     |   26.444(F)|u2/Mtrien_ir_not0001|   0.000|
abus<3>     |   27.039(F)|u2/Mtrien_ir_not0001|   0.000|
abus<4>     |   25.981(F)|u2/Mtrien_ir_not0001|   0.000|
abus<5>     |   26.890(F)|u2/Mtrien_ir_not0001|   0.000|
abus<6>     |   26.979(F)|u2/Mtrien_ir_not0001|   0.000|
abus<7>     |   26.466(F)|u2/Mtrien_ir_not0001|   0.000|
abus<8>     |   24.052(F)|u2/Mtrien_ir_not0001|   0.000|
abus<9>     |   23.865(F)|u2/Mtrien_ir_not0001|   0.000|
abus<10>    |   24.078(F)|u2/Mtrien_ir_not0001|   0.000|
abus<11>    |   24.366(F)|u2/Mtrien_ir_not0001|   0.000|
abus<12>    |   24.584(F)|u2/Mtrien_ir_not0001|   0.000|
abus<13>    |   24.832(F)|u2/Mtrien_ir_not0001|   0.000|
abus<14>    |   24.310(F)|u2/Mtrien_ir_not0001|   0.000|
abus<15>    |   24.302(F)|u2/Mtrien_ir_not0001|   0.000|
abusout<0>  |   25.449(F)|u2/Mtrien_ir_not0001|   0.000|
abusout<1>  |   27.173(F)|u2/Mtrien_ir_not0001|   0.000|
abusout<2>  |   27.011(F)|u2/Mtrien_ir_not0001|   0.000|
abusout<3>  |   27.889(F)|u2/Mtrien_ir_not0001|   0.000|
abusout<4>  |   27.240(F)|u2/Mtrien_ir_not0001|   0.000|
abusout<5>  |   27.635(F)|u2/Mtrien_ir_not0001|   0.000|
abusout<6>  |   27.499(F)|u2/Mtrien_ir_not0001|   0.000|
abusout<7>  |   27.407(F)|u2/Mtrien_ir_not0001|   0.000|
abusout<8>  |   23.761(F)|u2/Mtrien_ir_not0001|   0.000|
abusout<9>  |   24.007(F)|u2/Mtrien_ir_not0001|   0.000|
abusout<10> |   23.753(F)|u2/Mtrien_ir_not0001|   0.000|
abusout<11> |   26.428(F)|u2/Mtrien_ir_not0001|   0.000|
abusout<12> |   26.682(F)|u2/Mtrien_ir_not0001|   0.000|
abusout<13> |   26.721(F)|u2/Mtrien_ir_not0001|   0.000|
abusout<14> |   26.960(F)|u2/Mtrien_ir_not0001|   0.000|
abusout<15> |   24.143(F)|u2/Mtrien_ir_not0001|   0.000|
dbus<0>     |   23.807(F)|u2/Mtrien_ir_not0001|   0.000|
dbus<1>     |   24.397(F)|u2/Mtrien_ir_not0001|   0.000|
dbus<2>     |   24.348(F)|u2/Mtrien_ir_not0001|   0.000|
dbus<3>     |   24.409(F)|u2/Mtrien_ir_not0001|   0.000|
dbus<4>     |   24.647(F)|u2/Mtrien_ir_not0001|   0.000|
dbus<5>     |   24.692(F)|u2/Mtrien_ir_not0001|   0.000|
dbus<6>     |   24.939(F)|u2/Mtrien_ir_not0001|   0.000|
dbus<7>     |   24.713(F)|u2/Mtrien_ir_not0001|   0.000|
dbus<8>     |   23.894(F)|u2/Mtrien_ir_not0001|   0.000|
dbus<9>     |   24.211(F)|u2/Mtrien_ir_not0001|   0.000|
dbus<10>    |   23.657(F)|u2/Mtrien_ir_not0001|   0.000|
dbus<11>    |   24.186(F)|u2/Mtrien_ir_not0001|   0.000|
dbus<12>    |   24.717(F)|u2/Mtrien_ir_not0001|   0.000|
dbus<13>    |   24.456(F)|u2/Mtrien_ir_not0001|   0.000|
dbus<14>    |   24.968(F)|u2/Mtrien_ir_not0001|   0.000|
dbus<15>    |   24.704(F)|u2/Mtrien_ir_not0001|   0.000|
nble        |   24.817(F)|u2/Mtrien_ir_not0001|   0.000|
nbleout     |   23.298(F)|u2/Mtrien_ir_not0001|   0.000|
nmreq       |   22.688(F)|u2/Mtrien_ir_not0001|   0.000|
nmreqout    |   24.981(F)|u2/Mtrien_ir_not0001|   0.000|
nrd         |   23.597(F)|u2/Mtrien_ir_not0001|   0.000|
nrdout      |   24.523(F)|u2/Mtrien_ir_not0001|   0.000|
nwr         |   24.701(F)|u2/Mtrien_ir_not0001|   0.000|
nwrout      |   24.438(F)|u2/Mtrien_ir_not0001|   0.000|
------------+------------+--------------------+--------+

Clock to Setup on destination clock clk
---------------+---------+---------+---------+---------+
               | Src:Rise| Src:Fall| Src:Rise| Src:Fall|
Source Clock   |Dest:Rise|Dest:Rise|Dest:Fall|Dest:Fall|
---------------+---------+---------+---------+---------+
clk            |    2.260|         |    5.236|    5.174|
rst            |         |         |   10.858|   14.453|
---------------+---------+---------+---------+---------+

Clock to Setup on destination clock rst
---------------+---------+---------+---------+---------+
               | Src:Rise| Src:Fall| Src:Rise| Src:Fall|
Source Clock   |Dest:Rise|Dest:Rise|Dest:Fall|Dest:Fall|
---------------+---------+---------+---------+---------+
rst            |         |         |    0.258|    0.258|
---------------+---------+---------+---------+---------+

Pad to Pad
---------------+---------------+---------+
Source Pad     |Destination Pad|  Delay  |
---------------+---------------+---------+
dbus<0>        |dbusout<0>     |    8.057|
dbus<1>        |dbusout<1>     |    8.067|
dbus<2>        |dbusout<2>     |    8.346|
dbus<3>        |dbusout<3>     |    8.632|
dbus<4>        |dbusout<4>     |    8.630|
dbus<5>        |dbusout<5>     |    8.474|
dbus<6>        |dbusout<6>     |    8.926|
dbus<7>        |dbusout<7>     |    8.830|
dbus<8>        |dbusout<8>     |    7.626|
dbus<9>        |dbusout<9>     |    7.782|
dbus<10>       |dbusout<10>    |    8.043|
dbus<11>       |dbusout<11>    |    8.145|
dbus<12>       |dbusout<12>    |    8.665|
dbus<13>       |dbusout<13>    |    8.462|
dbus<14>       |dbusout<14>    |    8.214|
dbus<15>       |dbusout<15>    |    8.198|
---------------+---------------+---------+


Analysis completed Fri Dec 07 21:03:33 2012
--------------------------------------------------------------------------------

Trace Settings:
-------------------------
Trace Settings 

Peak Memory Usage: 122 MB



