Release 9.1i Map J.30
Xilinx Mapping Report File for Design 'cpu'

Design Information
------------------
Command Line   : C:\Xilinx91i\bin\nt\map.exe -ise C:/newnewcpu/newnewcpu.ise
-intstyle ise -p xc3s500e-pq208-4 -cm area -pr b -k 4 -c 100 -o cpu_map.ncd
cpu.ngd cpu.pcf 
Target Device  : xc3s500e
Target Package : pq208
Target Speed   : -4
Mapper Version : spartan3e -- $Revision: 1.36 $
Mapped Date    : Fri Dec 07 21:01:55 2012

Design Summary
--------------
Number of errors:      0
Number of warnings:    1
Logic Utilization:
  Total Number Slice Registers:       147 out of   9,312    1%
    Number used as Flip Flops:                    87
    Number used as Latches:                       60
  Number of 4 input LUTs:             360 out of   9,312    3%
Logic Distribution:
  Number of occupied Slices:                          238 out of   4,656    5%
    Number of Slices containing only related logic:     238 out of     238  100%
    Number of Slices containing unrelated logic:          0 out of     238    0%
      *See NOTES below for an explanation of the effects of unrelated logic
Total Number of 4 input LUTs:            375 out of   9,312    4%
  Number used as logic:                360
  Number used as a route-thru:          15
  Number of bonded IOBs:               98 out of     158   62%
    IOB Latches:                       26
  Number of GCLKs:                     3 out of      24   12%

Total equivalent gate count for design:  3,958
Additional JTAG gate count for IOBs:  4,704
Peak Memory Usage:  165 MB
Total REAL time to MAP completion:  1 mins 29 secs 
Total CPU time to MAP completion:   20 secs 

NOTES:

   Related logic is defined as being logic that shares connectivity - e.g. two
   LUTs are "related" if they share common inputs.  When assembling slices,
   Map gives priority to combine logic that is related.  Doing so results in
   the best timing performance.

   Unrelated logic shares no connectivity.  Map will only begin packing
   unrelated logic into a slice once 99% of the slices are occupied through
   related logic packing.

   Note that once logic distribution reaches the 99% level through related
   logic packing, this does not mean the device is completely utilized.
   Unrelated logic packing will then begin, continuing until all usable LUTs
   and FFs are occupied.  Depending on your timing budget, increased levels of
   unrelated logic packing may adversely affect the overall timing performance
   of your design.

Table of Contents
-----------------
Section 1 - Errors
Section 2 - Warnings
Section 3 - Informational
Section 4 - Removed Logic Summary
Section 5 - Removed Logic
Section 6 - IOB Properties
Section 7 - RPMs
Section 8 - Guide Report
Section 9 - Area Group and Partition Summary
Section 10 - Modular Design Summary
Section 11 - Timing Report
Section 12 - Configuration String Information

Section 1 - Errors
------------------

Section 2 - Warnings
--------------------
WARNING:PhysDesignRules:372 - Gated clock. Clock net u2/Mtrien_ir_not0001 is
   sourced by a combinatorial pin. This is not good design practice. Use the CE
   pin to control the loading of data into the flip-flop.

Section 3 - Informational
-------------------------
INFO:MapLib:562 - No environment variables are currently set.
INFO:MapLib:863 - The following Virtex BUFG(s) is/are being retargeted to
   Virtex2 BUFGMUX(s) with input tied to I0 and Select pin tied to constant 0:
   BUFGP symbol "clk_BUFGP" (output signal=clk_BUFGP),
   BUFG symbol "u1/t_2_BUFG" (output signal=u1/t<2>),
   BUFG symbol "u2/irreq_BUFG" (output signal=u2/irreq)
INFO:LIT:244 - All of the single ended outputs in this design are using slew
   rate limited output drivers. The delay on speed critical single ended outputs
   can be dramatically reduced by designating them as fast outputs in the
   schematic.

Section 4 - Removed Logic Summary
---------------------------------
   2 block(s) optimized away

Section 5 - Removed Logic
-------------------------

Optimized Block(s):
TYPE 		BLOCK
GND 		XST_GND
VCC 		XST_VCC

To enable printing of redundant blocks removed and signals merged, set the
detailed map report option and rerun map.

Section 6 - IOB Properties
--------------------------

+-----------------------------------------------------------------------------------------------------------------------------------------+
| IOB Name                           | IOB Type         | Direction | IO Standard | Drive    | Slew | Reg (s)      | Resistor | IBUF/IFD  |
|                                    |                  |           |             | Strength | Rate |              |          | Delay     |
+-----------------------------------------------------------------------------------------------------------------------------------------+
| abus<0>                            | IOB              | OUTPUT    | LVCMOS25    | 12       | SLOW |              |          | 0 / 0     |
| abus<1>                            | IOB              | OUTPUT    | LVCMOS25    | 12       | SLOW |              |          | 0 / 0     |
| abus<2>                            | IOB              | OUTPUT    | LVCMOS25    | 12       | SLOW |              |          | 0 / 0     |
| abus<3>                            | IOB              | OUTPUT    | LVCMOS25    | 12       | SLOW |              |          | 0 / 0     |
| abus<4>                            | IOB              | OUTPUT    | LVCMOS25    | 12       | SLOW |              |          | 0 / 0     |
| abus<5>                            | IOB              | OUTPUT    | LVCMOS25    | 12       | SLOW |              |          | 0 / 0     |
| abus<6>                            | IOB              | OUTPUT    | LVCMOS25    | 12       | SLOW |              |          | 0 / 0     |
| abus<7>                            | IOB              | OUTPUT    | LVCMOS25    | 12       | SLOW |              |          | 0 / 0     |
| abus<8>                            | IOB              | OUTPUT    | LVCMOS25    | 12       | SLOW |              |          | 0 / 0     |
| abus<9>                            | IOB              | OUTPUT    | LVCMOS25    | 12       | SLOW |              |          | 0 / 0     |
| abus<10>                           | IOB              | OUTPUT    | LVCMOS25    | 12       | SLOW |              |          | 0 / 0     |
| abus<11>                           | IOB              | OUTPUT    | LVCMOS25    | 12       | SLOW |              |          | 0 / 0     |
| abus<12>                           | IOB              | OUTPUT    | LVCMOS25    | 12       | SLOW |              |          | 0 / 0     |
| abus<13>                           | IOB              | OUTPUT    | LVCMOS25    | 12       | SLOW |              |          | 0 / 0     |
| abus<14>                           | IOB              | OUTPUT    | LVCMOS25    | 12       | SLOW |              |          | 0 / 0     |
| abus<15>                           | IOB              | OUTPUT    | LVCMOS25    | 12       | SLOW |              |          | 0 / 0     |
| abusout<0>                         | IOB              | OUTPUT    | LVCMOS25    | 12       | SLOW |              |          | 0 / 0     |
| abusout<1>                         | IOB              | OUTPUT    | LVCMOS25    | 12       | SLOW |              |          | 0 / 0     |
| abusout<2>                         | IOB              | OUTPUT    | LVCMOS25    | 12       | SLOW |              |          | 0 / 0     |
| abusout<3>                         | IOB              | OUTPUT    | LVCMOS25    | 12       | SLOW |              |          | 0 / 0     |
| abusout<4>                         | IOB              | OUTPUT    | LVCMOS25    | 12       | SLOW |              |          | 0 / 0     |
| abusout<5>                         | IOB              | OUTPUT    | LVCMOS25    | 12       | SLOW |              |          | 0 / 0     |
| abusout<6>                         | IOB              | OUTPUT    | LVCMOS25    | 12       | SLOW |              |          | 0 / 0     |
| abusout<7>                         | IOB              | OUTPUT    | LVCMOS25    | 12       | SLOW |              |          | 0 / 0     |
| abusout<8>                         | IOB              | OUTPUT    | LVCMOS25    | 12       | SLOW |              |          | 0 / 0     |
| abusout<9>                         | IOB              | OUTPUT    | LVCMOS25    | 12       | SLOW |              |          | 0 / 0     |
| abusout<10>                        | IOB              | OUTPUT    | LVCMOS25    | 12       | SLOW |              |          | 0 / 0     |
| abusout<11>                        | IOB              | OUTPUT    | LVCMOS25    | 12       | SLOW |              |          | 0 / 0     |
| abusout<12>                        | IOB              | OUTPUT    | LVCMOS25    | 12       | SLOW |              |          | 0 / 0     |
| abusout<13>                        | IOB              | OUTPUT    | LVCMOS25    | 12       | SLOW |              |          | 0 / 0     |
| abusout<14>                        | IOB              | OUTPUT    | LVCMOS25    | 12       | SLOW |              |          | 0 / 0     |
| abusout<15>                        | IOB              | OUTPUT    | LVCMOS25    | 12       | SLOW |              |          | 0 / 0     |
| clk                                | IBUF             | INPUT     | LVCMOS25    |          |      |              |          | 0 / 0     |
| cyout                              | IOB              | OUTPUT    | LVCMOS25    | 12       | SLOW | OFF1         |          | 0 / 0     |
| dbus<0>                            | IOB              | BIDIR     | LVCMOS25    | 12       | SLOW | IFF1 OFF1    |          | 0 / 2     |
| dbus<1>                            | IOB              | BIDIR     | LVCMOS25    | 12       | SLOW | IFF1 OFF1    |          | 0 / 2     |
| dbus<2>                            | IOB              | BIDIR     | LVCMOS25    | 12       | SLOW | IFF1 OFF1    |          | 0 / 2     |
| dbus<3>                            | IOB              | BIDIR     | LVCMOS25    | 12       | SLOW | IFF1 OFF1    |          | 0 / 2     |
| dbus<4>                            | IOB              | BIDIR     | LVCMOS25    | 12       | SLOW | IFF1 OFF1    |          | 0 / 2     |
| dbus<5>                            | IOB              | BIDIR     | LVCMOS25    | 12       | SLOW | IFF1 OFF1    |          | 0 / 2     |
| dbus<6>                            | IOB              | BIDIR     | LVCMOS25    | 12       | SLOW | IFF1 OFF1    |          | 0 / 2     |
| dbus<7>                            | IOB              | BIDIR     | LVCMOS25    | 12       | SLOW | IFF1 OFF1    |          | 0 / 2     |
| dbus<8>                            | IOB              | BIDIR     | LVCMOS25    | 12       | SLOW | IFF1         |          | 0 / 2     |
| dbus<9>                            | IOB              | BIDIR     | LVCMOS25    | 12       | SLOW | IFF1         |          | 0 / 2     |
| dbus<10>                           | IOB              | BIDIR     | LVCMOS25    | 12       | SLOW | IFF1         |          | 0 / 2     |
| dbus<11>                           | IOB              | BIDIR     | LVCMOS25    | 12       | SLOW | IFF1         |          | 0 / 2     |
| dbus<12>                           | IOB              | BIDIR     | LVCMOS25    | 12       | SLOW | IFF1         |          | 0 / 2     |
| dbus<13>                           | IOB              | BIDIR     | LVCMOS25    | 12       | SLOW | IFF1         |          | 0 / 2     |
| dbus<14>                           | IOB              | BIDIR     | LVCMOS25    | 12       | SLOW | IFF1         |          | 0 / 2     |
| dbus<15>                           | IOB              | BIDIR     | LVCMOS25    | 12       | SLOW | IFF1         |          | 0 / 2     |
| dbusout<0>                         | IOB              | OUTPUT    | LVCMOS25    | 12       | SLOW |              |          | 0 / 0     |
| dbusout<1>                         | IOB              | OUTPUT    | LVCMOS25    | 12       | SLOW |              |          | 0 / 0     |
| dbusout<2>                         | IOB              | OUTPUT    | LVCMOS25    | 12       | SLOW |              |          | 0 / 0     |
| dbusout<3>                         | IOB              | OUTPUT    | LVCMOS25    | 12       | SLOW |              |          | 0 / 0     |
| dbusout<4>                         | IOB              | OUTPUT    | LVCMOS25    | 12       | SLOW |              |          | 0 / 0     |
| dbusout<5>                         | IOB              | OUTPUT    | LVCMOS25    | 12       | SLOW |              |          | 0 / 0     |
| dbusout<6>                         | IOB              | OUTPUT    | LVCMOS25    | 12       | SLOW |              |          | 0 / 0     |
| dbusout<7>                         | IOB              | OUTPUT    | LVCMOS25    | 12       | SLOW |              |          | 0 / 0     |
| dbusout<8>                         | IOB              | OUTPUT    | LVCMOS25    | 12       | SLOW |              |          | 0 / 0     |
| dbusout<9>                         | IOB              | OUTPUT    | LVCMOS25    | 12       | SLOW |              |          | 0 / 0     |
| dbusout<10>                        | IOB              | OUTPUT    | LVCMOS25    | 12       | SLOW |              |          | 0 / 0     |
| dbusout<11>                        | IOB              | OUTPUT    | LVCMOS25    | 12       | SLOW |              |          | 0 / 0     |
| dbusout<12>                        | IOB              | OUTPUT    | LVCMOS25    | 12       | SLOW |              |          | 0 / 0     |
| dbusout<13>                        | IOB              | OUTPUT    | LVCMOS25    | 12       | SLOW |              |          | 0 / 0     |
| dbusout<14>                        | IOB              | OUTPUT    | LVCMOS25    | 12       | SLOW |              |          | 0 / 0     |
| dbusout<15>                        | IOB              | OUTPUT    | LVCMOS25    | 12       | SLOW |              |          | 0 / 0     |
| irout<0>                           | IOB              | OUTPUT    | LVCMOS25    | 12       | SLOW |              |          | 0 / 0     |
| irout<1>                           | IOB              | OUTPUT    | LVCMOS25    | 12       | SLOW |              |          | 0 / 0     |
| irout<2>                           | IOB              | OUTPUT    | LVCMOS25    | 12       | SLOW |              |          | 0 / 0     |
| irout<3>                           | IOB              | OUTPUT    | LVCMOS25    | 12       | SLOW |              |          | 0 / 0     |
| irout<4>                           | IOB              | OUTPUT    | LVCMOS25    | 12       | SLOW |              |          | 0 / 0     |
| irout<5>                           | IOB              | OUTPUT    | LVCMOS25    | 12       | SLOW |              |          | 0 / 0     |
| irout<6>                           | IOB              | OUTPUT    | LVCMOS25    | 12       | SLOW |              |          | 0 / 0     |
| irout<7>                           | IOB              | OUTPUT    | LVCMOS25    | 12       | SLOW |              |          | 0 / 0     |
| irout<8>                           | IOB              | OUTPUT    | LVCMOS25    | 12       | SLOW |              |          | 0 / 0     |
| irout<9>                           | IOB              | OUTPUT    | LVCMOS25    | 12       | SLOW |              |          | 0 / 0     |
| irout<10>                          | IOB              | OUTPUT    | LVCMOS25    | 12       | SLOW |              |          | 0 / 0     |
| irout<11>                          | IOB              | OUTPUT    | LVCMOS25    | 12       | SLOW |              |          | 0 / 0     |
| irout<12>                          | IOB              | OUTPUT    | LVCMOS25    | 12       | SLOW |              |          | 0 / 0     |
| irout<13>                          | IOB              | OUTPUT    | LVCMOS25    | 12       | SLOW |              |          | 0 / 0     |
| irout<14>                          | IOB              | OUTPUT    | LVCMOS25    | 12       | SLOW |              |          | 0 / 0     |
| irout<15>                          | IOB              | OUTPUT    | LVCMOS25    | 12       | SLOW |              |          | 0 / 0     |
| nbhe                               | IOB              | OUTPUT    | LVCMOS25    | 12       | SLOW |              |          | 0 / 0     |
| nbheout                            | IOB              | OUTPUT    | LVCMOS25    | 12       | SLOW |              |          | 0 / 0     |
| nble                               | IOB              | OUTPUT    | LVCMOS25    | 12       | SLOW |              |          | 0 / 0     |
| nbleout                            | IOB              | OUTPUT    | LVCMOS25    | 12       | SLOW |              |          | 0 / 0     |
| nmreq                              | IOB              | OUTPUT    | LVCMOS25    | 12       | SLOW |              |          | 0 / 0     |
| nmreqout                           | IOB              | OUTPUT    | LVCMOS25    | 12       | SLOW |              |          | 0 / 0     |
| nrd                                | IOB              | OUTPUT    | LVCMOS25    | 12       | SLOW |              |          | 0 / 0     |
| nrdout                             | IOB              | OUTPUT    | LVCMOS25    | 12       | SLOW |              |          | 0 / 0     |
| nwr                                | IOB              | OUTPUT    | LVCMOS25    | 12       | SLOW |              |          | 0 / 0     |
| nwrout                             | IOB              | OUTPUT    | LVCMOS25    | 12       | SLOW |              |          | 0 / 0     |
| rst                                | IBUF             | INPUT     | LVCMOS25    |          |      | IFF1         |          | 0 / 2     |
| ttout<0>                           | IOB              | OUTPUT    | LVCMOS25    | 12       | SLOW |              |          | 0 / 0     |
| ttout<1>                           | IOB              | OUTPUT    | LVCMOS25    | 12       | SLOW |              |          | 0 / 0     |
| ttout<2>                           | IOB              | OUTPUT    | LVCMOS25    | 12       | SLOW |              |          | 0 / 0     |
| ttout<3>                           | IOB              | OUTPUT    | LVCMOS25    | 12       | SLOW |              |          | 0 / 0     |
| ttout<4>                           | IOB              | OUTPUT    | LVCMOS25    | 12       | SLOW |              |          | 0 / 0     |
+-----------------------------------------------------------------------------------------------------------------------------------------+

Section 7 - RPMs
----------------

Section 8 - Guide Report
------------------------
Guide not run on this design.

Section 9 - Area Group and Partition Summary
--------------------------------------------

Partition Implementation Status
-------------------------------

  No Partitions were found in this design.

-------------------------------

Area Group Information
----------------------

  No area groups were found in this design.


----------------------

Section 10 - Modular Design Summary
-----------------------------------
Modular Design not used for this design.

Section 11 - Timing Report
--------------------------
This design was not run using timing mode.

Section 12 - Configuration String Details
-----------------------------------------
Use the "-detail" map option to print out Configuration Strings
